<?xml version="1.0" encoding="UTF-8"?>
<!-- Generated by org.testng.reporters.JUnitReportReporter -->
<testsuite hostname="Netra-PC" failures="0" tests="1" name="com.nopcommerce.testCases.TC_AddCustomerTest_003" time="46.612" errors="0" timestamp="29 Jul 2019 21:21:21 GMT" skipped="0">
  <testcase classname="com.nopcommerce.testCases.TC_AddCustomerTest_003" name="addNewCustomer" time="46.612"/>
</testsuite> <!-- com.nopcommerce.testCases.TC_AddCustomerTest_003 -->
