<?xml version="1.0" encoding="UTF-8"?>
<!-- Generated by org.testng.reporters.JUnitReportReporter -->
<testsuite hostname="Netra-PC" failures="0" tests="1" name="com.nopcommerce.testCases.TC_SearchByEmailTest_004" time="32.414" errors="0" timestamp="29 Jul 2019 22:30:02 GMT" skipped="0">
  <testcase classname="com.nopcommerce.testCases.TC_SearchByEmailTest_004" name="searchByEmail" time="32.414"/>
</testsuite> <!-- com.nopcommerce.testCases.TC_SearchByEmailTest_004 -->
