<?xml version="1.0" encoding="UTF-8"?>
<!-- Generated by org.testng.reporters.JUnitReportReporter -->
<testsuite hostname="Netra-PC" failures="0" tests="1" name="com.nopcommerce.testCases.TC_LoginTest_001" time="15.329" errors="0" timestamp="27 Jul 2019 21:13:11 GMT" skipped="0">
  <testcase classname="com.nopcommerce.testCases.TC_LoginTest_001" name="loginTest" time="15.329"/>
</testsuite> <!-- com.nopcommerce.testCases.TC_LoginTest_001 -->
