<?xml version="1.0" encoding="UTF-8"?>
<!-- Generated by org.testng.reporters.JUnitReportReporter -->
<testsuite hostname="Netra-PC" failures="0" tests="1" name="com.nopcommerce.testCases.TC_SearchByNameTest_005" time="37.436" errors="0" timestamp="29 Jul 2019 22:54:52 GMT" skipped="0">
  <testcase classname="com.nopcommerce.testCases.TC_SearchByNameTest_005" name="searchByName" time="37.436"/>
</testsuite> <!-- com.nopcommerce.testCases.TC_SearchByNameTest_005 -->
