<?xml version="1.0" encoding="UTF-8"?>
<!-- Generated by org.testng.reporters.JUnitReportReporter -->
<testsuite hostname="Netra-PC" failures="0" tests="1" name="com.nopcommerce.testCases.TC_SearchByRoleTest_006" time="69.839" errors="0" timestamp="01 Aug 2019 02:03:07 GMT" skipped="0">
  <testcase classname="com.nopcommerce.testCases.TC_SearchByRoleTest_006" name="searchByRole" time="69.839"/>
</testsuite> <!-- com.nopcommerce.testCases.TC_SearchByRoleTest_006 -->
